<?xml version="1.0" encoding="UTF-8"?>
<!-- Generated by org.testng.reporters.JUnitXMLReporter -->
<testsuite hostname="STI-D01-SHASHIR" ignored="3" name="Windows1" tests="2" failures="1" timestamp="21 Jun 2017 11:02:16 GMT" time="56.57" errors="0">
  <testcase name="testcase01 on [TestCases passed=0 failed=0 skipped=0]" time="21.361" classname="TestCases.TestCases">
    <failure type="org.openqa.selenium.NoSuchElementException" message="Cannot locate element with text: Path Protector Return of Premium Term
For documentation on this error, please visit: http://seleniumhq.org/exceptions/no_such_element.html
Build info: version: &amp;apos;3.4.0&amp;apos;, revision: &amp;apos;unknown&amp;apos;, time: &amp;apos;unknown&amp;apos;
System info: host: &amp;apos;STI-D01-SHASHIR&amp;apos;, ip: &amp;apos;192.168.94.54&amp;apos;, os.name: &amp;apos;Windows 7&amp;apos;, os.arch: &amp;apos;amd64&amp;apos;, os.version: &amp;apos;6.1&amp;apos;, java.version: &amp;apos;1.8.0_101&amp;apos;
Driver info: driver.version: unknown">
      <![CDATA[org.openqa.selenium.NoSuchElementException: Cannot locate element with text: Path Protector Return of Premium Term
For documentation on this error, please visit: http://seleniumhq.org/exceptions/no_such_element.html
Build info: version: '3.4.0', revision: 'unknown', time: 'unknown'
System info: host: 'STI-D01-SHASHIR', ip: '192.168.94.54', os.name: 'Windows 7', os.arch: 'amd64', os.version: '6.1', java.version: '1.8.0_101'
Driver info: driver.version: unknown
	at org.openqa.selenium.support.ui.Select.selectByVisibleText(Select.java:151)
	at com.sun.pages.IllinoisLifeInsurePage.getMyQuote(IllinoisLifeInsurePage.java:112)
	at TestCases.TestCases.testcase01(TestCases.java:47)
	at java.util.concurrent.FutureTask.run(Unknown Source)
	at java.util.concurrent.ThreadPoolExecutor.runWorker(Unknown Source)
	at java.util.concurrent.ThreadPoolExecutor$Worker.run(Unknown Source)
	at java.lang.Thread.run(Unknown Source)
... Removed 16 stack frames]]>
    </failure>
  </testcase> <!-- testcase01 on [TestCases passed=0 failed=0 skipped=0] -->
  <testcase name="testcase02 on [TestCases passed=0 failed=0 skipped=0]" time="4.068" classname="TestCases.TestCases"/>
  <testcase name="testcase04" time="0.0" classname="TestCases.TestCases">
    <ignored/>
  </testcase> <!-- testcase04 -->
  <testcase name="testcase03" time="0.0" classname="TestCases.TestCases">
    <ignored/>
  </testcase> <!-- testcase03 -->
  <testcase name="testcase05" time="0.0" classname="TestCases.TestCases">
    <ignored/>
  </testcase> <!-- testcase05 -->
</testsuite> <!-- Windows1 -->
